* 8c58140 : Home Button Fix
* 93fae15 : Added Gill Model
* 573e67b : Ship Page
* e665c32 : cam
* a4d0ff9 : detailed lighting
* b235a89 : Gaps
* ecbbfd1 : Centre and sizing
* 09cf9de : update
* bc1eb11 : responsive model view
* 306fda3 : update test
* 6c614a1 : test background
* 02164b3 : test
* e311940 : environmental image test
* 097448f : Added model viewer script
* e02932b : Page updates
* 26d232f : Model Update
* 91f6317 : Model Updates
* 34dc33a : darkmode colour improvements
* 39b2aee : added more model photos
* 0ff0ce6 : nobackground
* 72375fd : lighter
* ea95f40 : colouringchange
* 24c28d4 : modeltest
* 42b18db : testmodel
* 025d6bb : image test click
* 66cc8b9 : test
* 31c0a6f : test model
* be1978c : testing models
* 2e3da45 : 1
* 4df79e8 : weird normals
* 80283ed : cameracontrols
* 69846bb : ahhh
* dc6dc25 : test
* 25824e8 : test
* 187b187 : test3d
* 591f498 : testing3D
* 38590f9 : improved grid layout on gallery
* 6a6b53d : added gallery
* 9ea9493 : epic update
* b7ffaac : cool button added
* c0a593e : cleanup browser display
* 2f39b52 : External Js usage
* 7ca3b2a : dark mode working
* 0523534 : incomplete dark mode feature
* 4ef8c6c : Slight colour and layout changes
* aa36aa5 : remove testing file
* 0855790 : Added social media detail to footer
* 0d3e905 : making navbar work
* aa48507 : Basic footer
* 2c1fb73 : added navbar
* 05ef319 : Laying everything out
* b0ffad3 : Laying it all out
* ddb517b : 1
* 749c860 : Hello
* 3c9a61d : index
* a46d392 : Test
* b8a5062 : test
* 004dbbc : init